#! /mingw64/bin/vvp
:ivl_version "12.0 (devel)" "(s20150603-1135-g6b127432)";
:ivl_delay_selection "TYPICAL";
:vpi_time_precision + 0;
:vpi_module "C:\msys64\mingw64\lib\ivl\system.vpi";
:vpi_module "C:\msys64\mingw64\lib\ivl\vhdl_sys.vpi";
:vpi_module "C:\msys64\mingw64\lib\ivl\vhdl_textio.vpi";
:vpi_module "C:\msys64\mingw64\lib\ivl\v2005_math.vpi";
:vpi_module "C:\msys64\mingw64\lib\ivl\va_math.vpi";
S_0000026d27a2b540 .scope module, "main" "main" 2 15;
 .timescale 0 0;
v0000026d27a26420_0 .var "a", 3 0;
v0000026d27a264c0_0 .var "d", 0 0;
v0000026d27a26560_0 .net "q", 0 0, L_0000026d27a299e0;  1 drivers
v0000026d27a26600_0 .var "wclk", 0 0;
v0000026d27abc740_0 .var "we", 0 0;
S_0000026d27a2bb60 .scope module, "r1" "ram16x1" 2 21, 2 1 0, S_0000026d27a2b540;
 .timescale 0 0;
    .port_info 0 /OUTPUT 1 "q";
    .port_info 1 /INPUT 1 "d";
    .port_info 2 /INPUT 4 "a";
    .port_info 3 /INPUT 1 "we";
    .port_info 4 /INPUT 1 "wclk";
L_0000026d27a299e0 .functor BUFZ 1, L_0000026d27abcc40, C4<0>, C4<0>, C4<0>;
v0000026d27a29c40_0 .net *"_ivl_0", 0 0, L_0000026d27abcc40;  1 drivers
v0000026d27a75f10_0 .net *"_ivl_2", 5 0, L_0000026d27abcd80;  1 drivers
L_0000026d27abd028 .functor BUFT 1, C4<00>, C4<0>, C4<0>, C4<0>;
v0000026d27a29940_0 .net *"_ivl_5", 1 0, L_0000026d27abd028;  1 drivers
v0000026d27a2b6d0_0 .net "a", 3 0, v0000026d27a26420_0;  1 drivers
v0000026d27a2b770_0 .net "d", 0 0, v0000026d27a264c0_0;  1 drivers
v0000026d27a2bcf0 .array "mem", 0 15, 0 0;
v0000026d27a2bd90_0 .net "q", 0 0, L_0000026d27a299e0;  alias, 1 drivers
v0000026d27a2be30_0 .net "wclk", 0 0, v0000026d27a26600_0;  1 drivers
v0000026d27a26380_0 .net "we", 0 0, v0000026d27abc740_0;  1 drivers
E_0000026d27a78b10 .event posedge, v0000026d27a2be30_0;
L_0000026d27abcc40 .array/port v0000026d27a2bcf0, L_0000026d27abcd80;
L_0000026d27abcd80 .concat [ 4 2 0 0], v0000026d27a26420_0, L_0000026d27abd028;
    .scope S_0000026d27a2bb60;
T_0 ;
    %wait E_0000026d27a78b10;
    %load/vec4 v0000026d27a26380_0;
    %flag_set/vec4 8;
    %jmp/0xz  T_0.0, 8;
    %load/vec4 v0000026d27a2b770_0;
    %load/vec4 v0000026d27a2b6d0_0;
    %pad/u 6;
    %ix/vec4 4;
    %store/vec4a v0000026d27a2bcf0, 4, 0;
T_0.0 ;
    %jmp T_0;
    .thread T_0;
    .scope S_0000026d27a2b540;
T_1 ;
    %vpi_call 2 24 "$dumpfile", "show_vcd.vcd" {0 0 0};
    %vpi_call 2 25 "$dumpvars", 32'sb00000000000000000000000000000001, S_0000026d27a2bb60 {0 0 0};
    %pushi/vec4 0, 0, 1;
    %store/vec4 v0000026d27a26600_0, 0, 1;
    %pushi/vec4 1, 0, 1;
    %store/vec4 v0000026d27abc740_0, 0, 1;
    %pushi/vec4 0, 0, 4;
    %store/vec4 v0000026d27a26420_0, 0, 4;
T_1.0 ;
    %load/vec4 v0000026d27a26420_0;
    %cmpi/u 15, 0, 4;
    %jmp/0xz T_1.1, 5;
    %load/vec4 v0000026d27a26420_0;
    %parti/s 1, 0, 2;
    %store/vec4 v0000026d27a264c0_0, 0, 1;
    %delay 1, 0;
    %pushi/vec4 1, 0, 1;
    %store/vec4 v0000026d27a26600_0, 0, 1;
    %delay 1, 0;
    %pushi/vec4 0, 0, 1;
    %store/vec4 v0000026d27a26600_0, 0, 1;
    %vpi_call 2 32 "$display", "r1[%x] == %b", v0000026d27a26420_0, v0000026d27a26560_0 {0 0 0};
    %load/vec4 v0000026d27a26420_0;
    %addi 1, 0, 4;
    %store/vec4 v0000026d27a26420_0, 0, 4;
    %jmp T_1.0;
T_1.1 ;
    %pushi/vec4 0, 0, 4;
    %store/vec4 v0000026d27a26420_0, 0, 4;
T_1.2 ;
    %load/vec4 v0000026d27a26420_0;
    %cmpi/u 15, 0, 4;
    %jmp/0xz T_1.3, 5;
    %delay 1, 0;
    %load/vec4 v0000026d27a26560_0;
    %load/vec4 v0000026d27a26420_0;
    %parti/s 1, 0, 2;
    %cmp/ne;
    %jmp/0xz  T_1.4, 6;
    %vpi_call 2 37 "$display", "FAILED -- mem[%h] !== %b", v0000026d27a26420_0, &PV<v0000026d27a26420_0, 0, 1> {0 0 0};
    %vpi_call 2 38 "$finish" {0 0 0};
T_1.4 ;
    %load/vec4 v0000026d27a26420_0;
    %addi 1, 0, 4;
    %store/vec4 v0000026d27a26420_0, 0, 4;
    %jmp T_1.2;
T_1.3 ;
    %vpi_call 2 41 "$display", "PASSED" {0 0 0};
    %end;
    .thread T_1;
# The file index is used to find the file name in the following table.
:file_names 3;
    "N/A";
    "<interactive>";
    "ram16x1.vl";
